<?xml version="1.0" encoding="UTF-8"?>
<!-- Generated by org.testng.reporters.JUnitXMLReporter -->
<testsuite ignored="0" hostname="DESKTOP-G1T6KU3" failures="0" tests="3" name="Default test" time="15.89" errors="0" timestamp="09 Nov 2018 17:46:32 GMT">
  <testcase classname="com.test.GoogleTest" name="gMailLinkTest" time="0.048"/>
  <testcase classname="com.test.GoogleTest" name="googleTitleTest" time="0.007"/>
  <testcase classname="com.test.GoogleTest" name="googleLogoTest" time="0.036"/>
</testsuite> <!-- Default test -->
