<?xml version="1.0" encoding="UTF-8"?>
<testng-results ignored="0" total="3" passed="3" failed="0" skipped="0">
  <reporter-output>
  </reporter-output>
  <suite started-at="2018-11-09T17:46:16Z" name="Default suite" finished-at="2018-11-09T17:46:32Z" duration-ms="15890">
    <groups>
    </groups>
    <test started-at="2018-11-09T17:46:16Z" name="Default test" finished-at="2018-11-09T17:46:32Z" duration-ms="15890">
      <class name="com.test.GoogleTest">
        <test-method is-config="true" signature="setUp()[pri:0, instance:com.test.GoogleTest@683dbc2c]" started-at="2018-11-09T17:46:16Z" name="setUp" finished-at="2018-11-09T17:46:21Z" duration-ms="4992" status="PASS">
          <reporter-output>
          </reporter-output>
        </test-method> <!-- setUp -->
        <test-method signature="gMailLinkTest()[pri:1, instance:com.test.GoogleTest@683dbc2c]" started-at="2018-11-09T17:46:21Z" name="gMailLinkTest" finished-at="2018-11-09T17:46:21Z" duration-ms="48" status="PASS">
          <reporter-output>
          </reporter-output>
        </test-method> <!-- gMailLinkTest -->
        <test-method is-config="true" signature="tearDown()[pri:0, instance:com.test.GoogleTest@683dbc2c]" started-at="2018-11-09T17:46:21Z" name="tearDown" finished-at="2018-11-09T17:46:22Z" duration-ms="657" status="PASS">
          <reporter-output>
          </reporter-output>
        </test-method> <!-- tearDown -->
        <test-method is-config="true" signature="setUp()[pri:0, instance:com.test.GoogleTest@683dbc2c]" started-at="2018-11-09T17:46:22Z" name="setUp" finished-at="2018-11-09T17:46:26Z" duration-ms="4371" status="PASS">
          <reporter-output>
          </reporter-output>
        </test-method> <!-- setUp -->
        <test-method signature="googleTitleTest()[pri:2, instance:com.test.GoogleTest@683dbc2c]" started-at="2018-11-09T17:46:26Z" name="googleTitleTest" finished-at="2018-11-09T17:46:26Z" duration-ms="7" status="PASS">
          <reporter-output>
          </reporter-output>
        </test-method> <!-- googleTitleTest -->
        <test-method is-config="true" signature="tearDown()[pri:0, instance:com.test.GoogleTest@683dbc2c]" started-at="2018-11-09T17:46:26Z" name="tearDown" finished-at="2018-11-09T17:46:27Z" duration-ms="669" status="PASS">
          <reporter-output>
          </reporter-output>
        </test-method> <!-- tearDown -->
        <test-method is-config="true" signature="setUp()[pri:0, instance:com.test.GoogleTest@683dbc2c]" started-at="2018-11-09T17:46:27Z" name="setUp" finished-at="2018-11-09T17:46:31Z" duration-ms="4411" status="PASS">
          <reporter-output>
          </reporter-output>
        </test-method> <!-- setUp -->
        <test-method signature="googleLogoTest()[pri:3, instance:com.test.GoogleTest@683dbc2c]" started-at="2018-11-09T17:46:31Z" name="googleLogoTest" finished-at="2018-11-09T17:46:31Z" duration-ms="36" status="PASS">
          <reporter-output>
          </reporter-output>
        </test-method> <!-- googleLogoTest -->
        <test-method is-config="true" signature="tearDown()[pri:0, instance:com.test.GoogleTest@683dbc2c]" started-at="2018-11-09T17:46:31Z" name="tearDown" finished-at="2018-11-09T17:46:32Z" duration-ms="668" status="PASS">
          <reporter-output>
          </reporter-output>
        </test-method> <!-- tearDown -->
      </class> <!-- com.test.GoogleTest -->
    </test> <!-- Default test -->
  </suite> <!-- Default suite -->
</testng-results>
